Determining if the pthread_create exist failed with the following output:
Change Dir: /home/achliopa/workspace/projects/tegraTx2/ros/catkin_ws/build/CMakeFiles/CMakeTmp

Run Build Command:"/usr/bin/make" "cmTC_83e64/fast"
/usr/bin/make -f CMakeFiles/cmTC_83e64.dir/build.make CMakeFiles/cmTC_83e64.dir/build
make[1]: Entering directory '/home/achliopa/workspace/projects/tegraTx2/ros/catkin_ws/build/CMakeFiles/CMakeTmp'
Building C object CMakeFiles/cmTC_83e64.dir/CheckSymbolExists.c.o
/usr/bin/cc    -o CMakeFiles/cmTC_83e64.dir/CheckSymbolExists.c.o   -c /home/achliopa/workspace/projects/tegraTx2/ros/catkin_ws/build/CMakeFiles/CMakeTmp/CheckSymbolExists.c
Linking C executable cmTC_83e64
/usr/bin/cmake -E cmake_link_script CMakeFiles/cmTC_83e64.dir/link.txt --verbose=1
/usr/bin/cc      -rdynamic CMakeFiles/cmTC_83e64.dir/CheckSymbolExists.c.o  -o cmTC_83e64 
CMakeFiles/cmTC_83e64.dir/CheckSymbolExists.c.o: In function `main':
CheckSymbolExists.c:(.text+0x14): undefined reference to `pthread_create'
CheckSymbolExists.c:(.text+0x18): undefined reference to `pthread_create'
collect2: error: ld returned 1 exit status
CMakeFiles/cmTC_83e64.dir/build.make:97: recipe for target 'cmTC_83e64' failed
make[1]: *** [cmTC_83e64] Error 1
make[1]: Leaving directory '/home/achliopa/workspace/projects/tegraTx2/ros/catkin_ws/build/CMakeFiles/CMakeTmp'
Makefile:126: recipe for target 'cmTC_83e64/fast' failed
make: *** [cmTC_83e64/fast] Error 2

File /home/achliopa/workspace/projects/tegraTx2/ros/catkin_ws/build/CMakeFiles/CMakeTmp/CheckSymbolExists.c:
/* */
#include <pthread.h>

int main(int argc, char** argv)
{
  (void)argv;
#ifndef pthread_create
  return ((int*)(&pthread_create))[argc];
#else
  (void)argc;
  return 0;
#endif
}

Determining if the function pthread_create exists in the pthreads failed with the following output:
Change Dir: /home/achliopa/workspace/projects/tegraTx2/ros/catkin_ws/build/CMakeFiles/CMakeTmp

Run Build Command:"/usr/bin/make" "cmTC_ff9cf/fast"
/usr/bin/make -f CMakeFiles/cmTC_ff9cf.dir/build.make CMakeFiles/cmTC_ff9cf.dir/build
make[1]: Entering directory '/home/achliopa/workspace/projects/tegraTx2/ros/catkin_ws/build/CMakeFiles/CMakeTmp'
Building C object CMakeFiles/cmTC_ff9cf.dir/CheckFunctionExists.c.o
/usr/bin/cc   -DCHECK_FUNCTION_EXISTS=pthread_create   -o CMakeFiles/cmTC_ff9cf.dir/CheckFunctionExists.c.o   -c /usr/share/cmake-3.10/Modules/CheckFunctionExists.c
Linking C executable cmTC_ff9cf
/usr/bin/cmake -E cmake_link_script CMakeFiles/cmTC_ff9cf.dir/link.txt --verbose=1
/usr/bin/cc  -DCHECK_FUNCTION_EXISTS=pthread_create    -rdynamic CMakeFiles/cmTC_ff9cf.dir/CheckFunctionExists.c.o  -o cmTC_ff9cf -lpthreads 
/usr/bin/ld: cannot find -lpthreads
collect2: error: ld returned 1 exit status
CMakeFiles/cmTC_ff9cf.dir/build.make:97: recipe for target 'cmTC_ff9cf' failed
make[1]: *** [cmTC_ff9cf] Error 1
make[1]: Leaving directory '/home/achliopa/workspace/projects/tegraTx2/ros/catkin_ws/build/CMakeFiles/CMakeTmp'
Makefile:126: recipe for target 'cmTC_ff9cf/fast' failed
make: *** [cmTC_ff9cf/fast] Error 2


